2018/08/16 19:29:20.594 [1;34m[I] [router.go:269]  /home/ubuntu/go/src/github.com/freeznet/tomato/controllers no changed[0m
2018/08/16 19:29:20.594 [1;34m[I] [router.go:269]  /home/ubuntu/go/src/github.com/freeznet/tomato/controllers no changed[0m
2018/08/16 19:29:20.595 [1;34m[I] [router.go:269]  /home/ubuntu/go/src/github.com/freeznet/tomato/controllers no changed[0m
2018/08/16 19:29:20.595 [1;34m[I] [router.go:269]  /home/ubuntu/go/src/github.com/freeznet/tomato/controllers no changed[0m
2018/08/16 19:29:20.595 [1;34m[I] [router.go:269]  /home/ubuntu/go/src/github.com/freeznet/tomato/controllers no changed[0m
2018/08/16 19:29:20.595 [1;34m[I] [router.go:269]  /home/ubuntu/go/src/github.com/freeznet/tomato/controllers no changed[0m
2018/08/16 19:29:20.596 [1;34m[I] [router.go:269]  /home/ubuntu/go/src/github.com/freeznet/tomato/controllers no changed[0m
2018/08/16 19:29:20.596 [1;34m[I] [router.go:269]  /home/ubuntu/go/src/github.com/freeznet/tomato/controllers no changed[0m
2018/08/16 19:29:20.596 [1;34m[I] [router.go:269]  /home/ubuntu/go/src/github.com/freeznet/tomato/controllers no changed[0m
2018/08/16 19:29:20.596 [1;34m[I] [router.go:269]  /home/ubuntu/go/src/github.com/freeznet/tomato/controllers no changed[0m
2018/08/16 19:29:20.597 [1;34m[I] [router.go:269]  /home/ubuntu/go/src/github.com/freeznet/tomato/controllers no changed[0m
2018/08/16 19:29:20.597 [1;34m[I] [router.go:269]  /home/ubuntu/go/src/github.com/freeznet/tomato/controllers no changed[0m
2018/08/16 19:29:20.597 [1;34m[I] [router.go:269]  /home/ubuntu/go/src/github.com/freeznet/tomato/controllers no changed[0m
2018/08/16 19:29:20.598 [1;34m[I] [router.go:269]  /home/ubuntu/go/src/github.com/freeznet/tomato/controllers no changed[0m
2018/08/16 19:29:20.598 [1;34m[I] [router.go:269]  /home/ubuntu/go/src/github.com/freeznet/tomato/controllers no changed[0m
2018/08/16 19:29:20.598 [1;34m[I] [router.go:269]  /home/ubuntu/go/src/github.com/freeznet/tomato/controllers no changed[0m
2018/08/16 19:29:20.598 [1;34m[I] [router.go:269]  /home/ubuntu/go/src/github.com/freeznet/tomato/controllers no changed[0m
2018/08/16 19:29:20.599 [1;34m[I] [router.go:269]  /home/ubuntu/go/src/github.com/freeznet/tomato/controllers no changed[0m
2018/08/16 19:29:20.599 [1;34m[I] [router.go:269]  /home/ubuntu/go/src/github.com/freeznet/tomato/controllers no changed[0m
2018/08/16 19:29:20.599 [1;34m[I] [router.go:269]  /home/ubuntu/go/src/github.com/freeznet/tomato/controllers no changed[0m
2018/08/16 19:29:20.599 [1;34m[I] [router.go:269]  /home/ubuntu/go/src/github.com/freeznet/tomato/controllers no changed[0m
2018/08/16 19:29:20.600 [1;34m[I] [router.go:269]  /home/ubuntu/go/src/github.com/freeznet/tomato/controllers no changed[0m
2018/08/16 19:29:20.600 [1;34m[I] [router.go:269]  /home/ubuntu/go/src/github.com/freeznet/tomato/controllers no changed[0m
2018/08/16 19:29:20.600 [1;34m[I] [router.go:269]  /home/ubuntu/go/src/github.com/freeznet/tomato/controllers no changed[0m
2018/08/16 19:29:20.600 [1;34m[I] [router.go:269]  /home/ubuntu/go/src/github.com/freeznet/tomato/controllers no changed[0m
2018/08/16 19:29:20.600 [1;34m[I] [router.go:269]  /home/ubuntu/go/src/github.com/freeznet/tomato/controllers no changed[0m
2018/08/16 19:29:20.601 [1;34m[I] [router.go:269]  /home/ubuntu/go/src/github.com/freeznet/tomato/controllers no changed[0m
2018/08/16 19:29:20.607 [1;34m[I] [asm_386.s:1635]  http server Running on http://:8080[0m
2018/08/16 21:38:48.688 [1;34m[I] [router.go:269]  /home/ubuntu/go/src/github.com/freeznet/tomato/controllers no changed[0m
2018/08/16 21:38:48.690 [1;34m[I] [router.go:269]  /home/ubuntu/go/src/github.com/freeznet/tomato/controllers no changed[0m
2018/08/16 21:38:48.691 [1;34m[I] [router.go:269]  /home/ubuntu/go/src/github.com/freeznet/tomato/controllers no changed[0m
2018/08/16 21:38:48.691 [1;34m[I] [router.go:269]  /home/ubuntu/go/src/github.com/freeznet/tomato/controllers no changed[0m
2018/08/16 21:38:48.691 [1;34m[I] [router.go:269]  /home/ubuntu/go/src/github.com/freeznet/tomato/controllers no changed[0m
2018/08/16 21:38:48.691 [1;34m[I] [router.go:269]  /home/ubuntu/go/src/github.com/freeznet/tomato/controllers no changed[0m
2018/08/16 21:38:48.692 [1;34m[I] [router.go:269]  /home/ubuntu/go/src/github.com/freeznet/tomato/controllers no changed[0m
2018/08/16 21:38:48.692 [1;34m[I] [router.go:269]  /home/ubuntu/go/src/github.com/freeznet/tomato/controllers no changed[0m
2018/08/16 21:38:48.692 [1;34m[I] [router.go:269]  /home/ubuntu/go/src/github.com/freeznet/tomato/controllers no changed[0m
2018/08/16 21:38:48.693 [1;34m[I] [router.go:269]  /home/ubuntu/go/src/github.com/freeznet/tomato/controllers no changed[0m
2018/08/16 21:38:48.694 [1;34m[I] [router.go:269]  /home/ubuntu/go/src/github.com/freeznet/tomato/controllers no changed[0m
2018/08/16 21:38:48.694 [1;34m[I] [router.go:269]  /home/ubuntu/go/src/github.com/freeznet/tomato/controllers no changed[0m
2018/08/16 21:38:48.695 [1;34m[I] [router.go:269]  /home/ubuntu/go/src/github.com/freeznet/tomato/controllers no changed[0m
2018/08/16 21:38:48.695 [1;34m[I] [router.go:269]  /home/ubuntu/go/src/github.com/freeznet/tomato/controllers no changed[0m
2018/08/16 21:38:48.696 [1;34m[I] [router.go:269]  /home/ubuntu/go/src/github.com/freeznet/tomato/controllers no changed[0m
2018/08/16 21:38:48.697 [1;34m[I] [router.go:269]  /home/ubuntu/go/src/github.com/freeznet/tomato/controllers no changed[0m
2018/08/16 21:38:48.697 [1;34m[I] [router.go:269]  /home/ubuntu/go/src/github.com/freeznet/tomato/controllers no changed[0m
2018/08/16 21:38:48.698 [1;34m[I] [router.go:269]  /home/ubuntu/go/src/github.com/freeznet/tomato/controllers no changed[0m
2018/08/16 21:38:48.698 [1;34m[I] [router.go:269]  /home/ubuntu/go/src/github.com/freeznet/tomato/controllers no changed[0m
2018/08/16 21:38:48.699 [1;34m[I] [router.go:269]  /home/ubuntu/go/src/github.com/freeznet/tomato/controllers no changed[0m
2018/08/16 21:38:48.699 [1;34m[I] [router.go:269]  /home/ubuntu/go/src/github.com/freeznet/tomato/controllers no changed[0m
2018/08/16 21:38:48.700 [1;34m[I] [router.go:269]  /home/ubuntu/go/src/github.com/freeznet/tomato/controllers no changed[0m
2018/08/16 21:38:48.700 [1;34m[I] [router.go:269]  /home/ubuntu/go/src/github.com/freeznet/tomato/controllers no changed[0m
2018/08/16 21:38:48.701 [1;34m[I] [router.go:269]  /home/ubuntu/go/src/github.com/freeznet/tomato/controllers no changed[0m
2018/08/16 21:38:48.702 [1;34m[I] [router.go:269]  /home/ubuntu/go/src/github.com/freeznet/tomato/controllers no changed[0m
2018/08/16 21:38:48.702 [1;34m[I] [router.go:269]  /home/ubuntu/go/src/github.com/freeznet/tomato/controllers no changed[0m
2018/08/16 21:38:48.703 [1;34m[I] [router.go:269]  /home/ubuntu/go/src/github.com/freeznet/tomato/controllers no changed[0m
2018/08/16 21:38:48.717 [1;34m[I] [asm_386.s:1635]  http server Running on http://:8080[0m
2018/08/16 21:39:23.402 [1;44m[D] [server.go:2619]  |  65.93.215.209|[42m 200 [0m|   2.116762ms|   match|[44m GET     [0m /v1/classes/returnPack   r:/v1/classes/:className[0m
2018/08/16 21:39:23.407 [1;44m[D] [server.go:2619]  |  65.93.215.209|[42m 200 [0m|   1.144638ms|   match|[44m GET     [0m /v1/classes/returnPack   r:/v1/classes/:className[0m
2018/08/16 21:41:21.393 [1;44m[D] [server.go:2619]  |  65.93.215.209|[42m 200 [0m|    2.84931ms|   match|[44m GET     [0m /v1/classes/returnPack   r:/v1/classes/:className[0m
2018/08/16 21:41:21.393 [1;44m[D] [server.go:2619]  |  65.93.215.209|[42m 200 [0m|    743.817µs|   match|[44m GET     [0m /v1/classes/returnPack   r:/v1/classes/:className[0m
2018/08/16 21:41:55.636 [1;44m[D] [server.go:2619]  |      127.0.0.1|[42m 201 [0m|   3.604436ms|   match|[46m POST    [0m /v1/classes/returnPack   r:/v1/classes/:className[0m
2018/08/16 21:41:57.294 [1;44m[D] [server.go:2619]  |  65.93.215.209|[42m 200 [0m|    981.636µs|   match|[44m GET     [0m /v1/classes/returnPack   r:/v1/classes/:className[0m
2018/08/16 21:41:57.295 [1;44m[D] [server.go:2619]  |  65.93.215.209|[42m 200 [0m|    863.955µs|   match|[44m GET     [0m /v1/classes/returnPack   r:/v1/classes/:className[0m
